[1] 로그인...
  완료
[2] 미결문서 이동...
  전자결재 후 URL: https://erp.lalasweet.kr/#/UB/UB/UBA0000?specialLnb=Y&moduleCode=UB&menuCode=UBA&pageCode=UBA7000
  완료. URL: https://erp.lalasweet.kr/#/UB/UB/UBA0000?specialLnb=Y&moduleCode=UB&menuCode=UBA&pageCode=UBA2020
[3] "(신규) 지출결의서" 조회...
  조회 완료
  [시트] 초기화 완료 (헤더 8열) → "zoeun2" 시트

[페이지 1] 행 30개

[1] 05-14 (목) 18:59 [해외영업T] 뉴욕 팬시푸드 전시회 추가 비품 (냉동고, 24시간 전력) 구매의 건 4 2 (신규) 외화송금 지출결의서 해외영업T-2605-004 최누리 팀원 CEO 해외영업T 진행 (조
  [프레임0] 2038자 / 폼:true / 세금계산서:false
  [프레임16] 1130자 / 폼:false / 세금계산서:false
  [첨부클릭] ★피아트코리아_사업자등록증.jpg(5.75 MB)
  [첨부] 미리보기 닫기
  품의번호:      해외영업T-2605-004
  제목:          [해외영업T] 뉴욕 팬시푸드 전시회 추가 비품 (냉동고, 24시간 전력) 구매의 건
  용도별합계:    2,224,709원
  첨부파일금액:  읽기실패
  결과: ❌ 불일치
  [시트] 1. 해외영업T-2605-004 | 2,224,709 | - | 확인불가
  [창닫기] 팝업 닫는 중...
  [창닫기] 완료

[2] 05-14 (목) 13:19 물류_및_배송관련 / 포장비 / 태림포장 2 (신규) 지출결의서(물류T) 물류T 냉동P-2605-025 김경민 파트장 통합물류실 물류T 냉동P 진행 (조은이 팀원)
  [프레임0] 1376자 / 폼:true / 세금계산서:true
  [첨부클릭] 태림포장 2604 거래내역서.xlsx(20.68 KB)
  [첨부] 미리보기 닫기
  품의번호:      물류T 냉동P-2605-025
  제목:          물류_및_배송관련 / 포장비 / 태림포장
  용도별합계:    48,701,448원
  첨부파일금액:  읽기실패
  결과: ❌ 불일치
  [시트] 2. 물류T 냉동P-2605-025 | 48,701,448 | - | 확인불가
  [창닫기] 팝업 닫는 중...
  [창닫기] 완료

[3] 05-14 (목) 13:19 물류_및_배송관련 / 부자재 / 태성산업 2 (신규) 지출결의서(물류T) 물류T 냉동P-2605-022 남동완 팀원 통합물류실 물류T 냉동P 진행 (조은이 팀원)
  [프레임0] 1397자 / 폼:true / 세금계산서:true
  [프레임6] 4174자 / 폼:false / 세금계산서:false
  [첨부클릭] 84FLA6W4K1D5TCO.PDF(198.94 KB)
  [첨부] 미리보기 닫기
  품의번호:      물류T 냉동P-2605-022
  제목:          물류_및_배송관련 / 부자재 / 태성산업
  용도별합계:    29,755,572원
  첨부파일금액:  읽기실패
  결과: ❌ 불일치
  [시트] 3. 물류T 냉동P-2605-022 | 29,755,572 | - | 확인불가
  [창닫기] 팝업 닫는 중...
  [창닫기] 완료

[4] 05-14 (목) 13:00 물류_및_배송관련 / 시설장비 / 에이원방재 3 (신규) 지출결의서(물류T) 물류T 냉동P-2605-024 김경민 파트장 통합물류실 물류T 냉동P 진행 (조은이 팀원)
  [프레임0] 1410자 / 폼:true / 세금계산서:true
  [프레임6] 1548자 / 폼:false / 세금계산서:false
  [프레임11] 1236자 / 폼:false / 세금계산서:false
  [첨부금액] 920,000원 (텍스트)
  품의번호:      물류T 냉동P-2605-024
  제목:          물류_및_배송관련 / 시설장비 / 에이원방재
  용도별합계:    1,012,000원
  첨부파일금액:  920,000원
  결과: ❌ 불일치 (차이: 92,000원)
  [시트] 4. 물류T 냉동P-2605-024 | 1,012,000 | 920,000 | ❌ 불일치
  [창닫기] 팝업 닫는 중...
  [창닫기] 완료

[5] 05-13 (수) 11:29 부자재 샘플/물류비-DHL 2 (신규) 지출결의서(구매T) 구매T-2605-078 김서령 팀원 비즈니스G 구매T 진행 (조은이 팀원)
  [프레임0] 1329자 / 폼:true / 세금계산서:false
  [프레임1] 3990자 / 폼:false / 세금계산서:false
  [첨부클릭] 1. 0511 스틱관련 DHL 청구서(GUILIN BAMBOO FOREVER TECHNOLOGY CO).pdf(740 KB)
  [첨부금액] 207,600원 (클릭텍스트)
  [첨부] 미리보기 닫기
  품의번호:      구매T-2605-078
  제목:          부자재 샘플/물류비-DHL
  용도별합계:    206,490원
  첨부파일금액:  207,600원
  결과: ❌ 불일치 (차이: 1,110원)
  [시트] 5. 구매T-2605-078 | 206,490 | 207,600 | ❌ 불일치
  [창닫기] 팝업 닫는 중...
  [창닫기] 완료

[6] 05-12 (화) 14:43 26년 4월 물류 및_배송관련 / 삼자물류비 / 삼자물류비_BGF로지스(B2B) 2 (신규) 지출결의서(SCMT) SCMT SCMP-2605-022 이재용 파트장 SCMT SCMT SCM
  [프레임0] 1412자 / 폼:true / 세금계산서:true
  [첨부클릭] 70. 라라스윗_B2B (4월) (1).xlsb(696.62 KB)
  [첨부] 미리보기 닫기
  품의번호:      SCMT SCMP-2605-022
  제목:          26년 4월 물류 및_배송관련 / 삼자물류비 / 삼자물류비_BGF로지스(B2B)
  용도별합계:    27,634,992원
  첨부파일금액:  읽기실패
  결과: ❌ 불일치
  [시트] 6. SCMT SCMP-2605-022 | 27,634,992 | - | 확인불가
  [창닫기] 팝업 닫는 중...
  [창닫기] 완료

[7] 05-12 (화) 14:43 26년 4월 물류 및_배송관련 / 삼자물류비 / 삼자물류비_BGF로지스(CVS) 2 (신규) 지출결의서(SCMT) SCMT SCMP-2605-021 이재용 파트장 SCMT SCMT SCM
  [프레임0] 1414자 / 폼:true / 세금계산서:true
  [첨부클릭] BGF 4월 마감 CVS (1).xlsb(3.69 MB)
  [첨부] 미리보기 닫기
  품의번호:      SCMT SCMP-2605-021
  제목:          26년 4월 물류 및_배송관련 / 삼자물류비 / 삼자물류비_BGF로지스(CVS)
  용도별합계:    124,166,702원
  첨부파일금액:  읽기실패
  결과: ❌ 불일치
  [시트] 7. SCMT SCMP-2605-021 | 124,166,702 | - | 확인불가
  [창닫기] 팝업 닫는 중...
  [창닫기] 완료

[8] 05-12 (화) 14:43 26년 4월 물류 및_배송관련 / 삼자물류비 / 삼자물류비_BGF로지스(상온) 2 (신규) 지출결의서(SCMT) SCMT SCMP-2605-023 이재용 파트장 SCMT SCMT SCMP
  [프레임0] 1410자 / 폼:true / 세금계산서:true
  [첨부클릭] 음43. 라라스윗(상온)(4월) (3).xlsb(279.04 KB)
  [첨부] 미리보기 닫기
  품의번호:      SCMT SCMP-2605-023
  제목:          26년 4월 물류 및_배송관련 / 삼자물류비 / 삼자물류비_BGF로지스(상온)
  용도별합계:    24,812,590원
  첨부파일금액:  읽기실패
  결과: ❌ 불일치
  [시트] 8. SCMT SCMP-2605-023 | 24,812,590 | - | 확인불가
  [창닫기] 팝업 닫는 중...
  [창닫기] 완료

[9] 05-11 (월) 18:06 원자재/선급금_삼부 2 1 (신규) 지출결의서(구매T) 구매T-2605-075 김현정 팀원 비즈니스G 구매T 진행 (조은이 팀원)
  [프레임0] 1563자 / 폼:true / 세금계산서:false
  [프레임1] 896자 / 폼:false / 세금계산서:false
  [첨부금액] 237,600원 (텍스트)
  품의번호:      구매T-2605-075
  제목:          원자재/선급금_삼부
  용도별합계:    264,660원
  첨부파일금액:  237,600원
  결과: ❌ 불일치 (차이: 27,060원)
  [시트] 9. 구매T-2605-075 | 264,660 | 237,600 | ❌ 불일치
  [창닫기] 팝업 닫는 중...
  [창닫기] 완료

[10] 05-11 (월) 10:00 26년 4월_공임비 / 공임비_자연과사람들 2 (신규) 지출결의서(SCMT) SCMT SCMP-2605-010 김명준 팀원 SCMT SCMT SCMP 진행 (조은이 팀원)
  ❌ 팝업 실패
  [시트] 10. SCMT SCMP-2605-010 | - | - | 확인불가

==============================
스캔 완료: 총 10건
  ✅ 일치: 0건
  ❌ 불일치: 9건
  ⚠ 읽기실패: 1건
==============================
